JvmtiExport can_access_local_variables 0
JvmtiExport can_hotswap_or_post_breakpoint 0
JvmtiExport can_post_on_exceptions 0
# 408 ciObject found
instanceKlass org/gradle/api/internal/artifacts/result/DefaultResolvedVariantResult
instanceKlass org/gradle/api/internal/artifacts/result/DefaultResolvedArtifactResult
instanceKlass org/gradle/api/internal/artifacts/ivyservice/modulecache/DefaultModuleArtifactsCache$DefaultCachedArtifacts
instanceKlass org/gradle/api/internal/artifacts/ivyservice/modulecache/DefaultModuleArtifactsCache$ModuleArtifactsCacheEntry
instanceKlass org/gradle/api/internal/artifacts/ivyservice/modulecache/DefaultModuleArtifactsCache$ModuleArtifactsKey
instanceKlass org/gradle/api/internal/artifacts/ivyservice/ivyresolve/memcache/InMemoryArtifactsCache$TypedArtifactsKey
instanceKlass org/gradle/api/internal/artifacts/result/DefaultComponentArtifactsResult
instanceKlass org/jetbrains/plugins/gradle/tooling/util/ModuleComponentIdentifierImpl
instanceKlass com/google/common/collect/Multiset
instanceKlass com/google/common/collect/AbstractMultimap
instanceKlass com/google/common/collect/ListMultimap
instanceKlass org/gradle/api/internal/artifacts/ivyservice/DefaultLenientConfiguration$LenientArtifactCollectingVisitor
instanceKlass org/gradle/api/internal/artifacts/ivyservice/ErrorHandlingConfigurationResolver$ErrorHandlingLenientConfiguration
instanceKlass org/jetbrains/plugins/gradle/model/FileCollectionDependency
instanceKlass org/jetbrains/plugins/gradle/model/AbstractExternalDependency
instanceKlass org/jetbrains/plugins/gradle/model/ExternalLibraryDependency
instanceKlass com/google/common/base/Predicate
instanceKlass com/google/common/base/Function
instanceKlass com/google/common/collect/Multimap
instanceKlass org/jetbrains/plugins/gradle/tooling/util/DependencyResolverImpl
instanceKlass org/jetbrains/plugins/gradle/tooling/util/DependencyResolver
instanceKlass org/jetbrains/plugins/gradle/tooling/internal/BuildScriptClasspathModelImpl
instanceKlass org/jetbrains/plugins/gradle/model/ExtIdeaContentRoot
instanceKlass org/jetbrains/plugins/gradle/tooling/internal/IdeaContentRootImpl
instanceKlass org/jetbrains/plugins/gradle/model/ExtIdeaContentRoot
instanceKlass org/gradle/tooling/model/idea/IdeaContentRoot
instanceKlass org/jetbrains/plugins/gradle/tooling/internal/IdeaCompilerOutputImpl
instanceKlass org/jetbrains/plugins/gradle/tooling/internal/ModuleExtendedModelImpl
instanceKlass org/gradle/plugins/ide/idea/model/ProjectLibrary
instanceKlass org/gradle/tooling/internal/gradle/DefaultGradleBuild
instanceKlass org/jetbrains/plugins/gradle/ExternalDependencyId
instanceKlass org/jetbrains/plugins/gradle/model/ExternalFilter
instanceKlass org/jetbrains/plugins/gradle/model/ExternalSourceDirectorySet
instanceKlass com/intellij/openapi/externalSystem/model/project/IExternalSystemSourceType
instanceKlass org/jetbrains/plugins/gradle/model/ExternalSourceSet
instanceKlass org/jetbrains/plugins/gradle/model/ExternalPlugin
instanceKlass org/gradle/api/artifacts/ExcludeRule
instanceKlass org/jetbrains/plugins/gradle/model/DefaultExternalPlugin
instanceKlass org/gradle/api/tasks/SourceSetOutput
instanceKlass java/lang/invoke/SerializedLambda
instanceKlass org/gradle/api/internal/tasks/testing/detection/TestFrameworkDetector
instanceKlass org/gradle/api/internal/tasks/testing/WorkerTestClassProcessorFactory
instanceKlass com/android/build/api/artifact/ArtifactType
instanceKlass org/gradle/api/artifacts/result/ResolvedVariantResult
instanceKlass com/android/manifmerger/ManifestProvider
instanceKlass com/android/build/gradle/internal/PostprocessingFeatures
instanceKlass com/android/build/gradle/internal/InstantRunTaskManager
instanceKlass com/android/build/gradle/tasks/ExternalNativeJsonGenerator
instanceKlass android/databinding/tool/LayoutXmlProcessor
instanceKlass org/gradle/api/file/FileCopyDetails
instanceKlass groovy/util/Node
instanceKlass org/gradle/api/artifacts/result/DependencyResult
instanceKlass org/jetbrains/plugins/gradle/model/DefaultExternalTask
instanceKlass org/codehaus/groovy/runtime/metaclass/ClosureMetaClass$6
instanceKlass org/gradle/plugins/ide/idea/model/Dependency
instanceKlass org/jetbrains/plugins/gradle/model/GradleConfiguration
instanceKlass org/jetbrains/plugins/gradle/model/ExternalTask
instanceKlass org/jetbrains/plugins/gradle/model/GradleExtension
instanceKlass org/jetbrains/plugins/gradle/model/GradleProperty
instanceKlass org/codehaus/groovy/runtime/typehandling/ShortTypeHandling
instanceKlass org/jetbrains/plugins/gradle/model/DefaultGradleProperty
instanceKlass org/jetbrains/plugins/gradle/model/GradleExtension
instanceKlass org/jetbrains/plugins/gradle/model/GradleProperty
instanceKlass org/codehaus/groovy/runtime/typehandling/NumberMathModificationInfo
instanceKlass org/codehaus/groovy/runtime/metaclass/ClosureMetaClass$4
instanceKlass org/jetbrains/plugins/gradle/model/DefaultGradleConfiguration
instanceKlass org/jetbrains/plugins/gradle/model/GradleConfiguration
instanceKlass org/jetbrains/plugins/gradle/model/DefaultGradleExtensions
instanceKlass org/jetbrains/kotlin/samWithReceiver/ide/SamWithReceiverModelImpl
instanceKlass org/jetbrains/kotlin/noarg/ide/NoArgModelImpl
instanceKlass org/jetbrains/kotlin/allopen/ide/AllOpenModelImpl
instanceKlass org/jetbrains/kotlin/kapt/idea/KaptSourceSetModel
instanceKlass org/jetbrains/kotlin/kapt/idea/KaptGradleModelImpl
instanceKlass org/jetbrains/kotlin/android/synthetic/idea/AndroidExtensionsGradleModelImpl
instanceKlass org/gradle/tooling/model/internal/Exceptions
instanceKlass org/jetbrains/kotlin/gradle/ArgsInfo
instanceKlass org/jetbrains/kotlin/gradle/KotlinGradleModelImpl
instanceKlass kotlin/jvm/internal/CollectionToArray
instanceKlass kotlin/collections/EmptySet
instanceKlass org/gradle/api/internal/project/DefaultProject$2
instanceKlass org/jetbrains/plugins/gradle/tooling/util/VersionMatcher
instanceKlass org/jetbrains/plugins/gradle/tooling/annotation/TargetVersions
instanceKlass org/gradle/tooling/model/build/JavaEnvironment
instanceKlass org/gradle/tooling/model/build/GradleEnvironment
instanceKlass org/gradle/tooling/model/build/GradleEnvironment
instanceKlass org/gradle/tooling/model/build/JavaEnvironment
instanceKlass org/gradle/tooling/internal/build/DefaultBuildEnvironment
instanceKlass org/gradle/process/internal/CurrentProcess
instanceKlass org/gradle/tooling/internal/adapter/ProtocolToModelAdapter$BeanMixInMethodInvoker
instanceKlass com/google/common/base/Preconditions
instanceKlass com/google/common/base/Optional
instanceKlass org/gradle/tooling/internal/adapter/ProtocolToModelAdapter$MethodInvocationCache$MethodInvocationKey
instanceKlass org/gradle/tooling/internal/adapter/MethodInvocation
instanceKlass org/gradle/tooling/internal/adapter/ProtocolToModelAdapter$AdaptingMethodInvoker
instanceKlass org/gradle/tooling/internal/adapter/ProtocolToModelAdapter$PropertyCachingMethodInvoker
instanceKlass org/gradle/tooling/internal/adapter/ProtocolToModelAdapter$SafeMethodInvoker
instanceKlass org/gradle/tooling/internal/adapter/ProtocolToModelAdapter$SupportedPropertyInvoker
instanceKlass org/gradle/tooling/internal/adapter/ProtocolToModelAdapter$ChainedMethodInvoker
instanceKlass org/gradle/tooling/internal/adapter/ProtocolToModelAdapter$ClassMixInMethodInvoker
instanceKlass org/gradle/tooling/internal/adapter/ProtocolToModelAdapter$InvocationHandlerImpl
instanceKlass org/gradle/tooling/internal/adapter/ProtocolToModelAdapter$ViewKey
instanceKlass org/gradle/tooling/model/java/InstalledJdk
instanceKlass org/gradle/tooling/model/idea/IdeaSourceDirectory
instanceKlass org/gradle/tooling/model/SourceDirectory
instanceKlass org/gradle/tooling/model/idea/IdeaContentRoot
instanceKlass org/gradle/tooling/model/idea/IdeaDependencyScope
instanceKlass org/gradle/tooling/model/idea/IdeaCompilerOutput
instanceKlass org/gradle/tooling/model/gradle/GradleScript
instanceKlass org/gradle/tooling/model/BuildIdentifier
instanceKlass org/gradle/tooling/model/ProjectIdentifier
instanceKlass org/gradle/tooling/model/idea/IdeaJavaLanguageSettings
instanceKlass org/gradle/tooling/model/idea/IdeaLanguageLevel
instanceKlass org/gradle/tooling/internal/adapter/ProtocolToModelAdapter$MixInMappingAction
instanceKlass org/gradle/tooling/internal/consumer/converters/IncludedBuildsMixin
instanceKlass org/gradle/tooling/internal/consumer/converters/IdeaModuleDependencyTargetNameMixin
instanceKlass org/gradle/tooling/internal/consumer/converters/IdeaProjectJavaLanguageSettingsMixin
instanceKlass org/gradle/tooling/internal/consumer/converters/TaskDisplayNameMixin
instanceKlass org/gradle/tooling/model/GradleTask
instanceKlass org/gradle/tooling/model/Task
instanceKlass org/gradle/tooling/model/Launchable
instanceKlass org/gradle/tooling/internal/consumer/converters/FixedBuildIdentifierProvider
instanceKlass org/gradle/tooling/internal/consumer/converters/BasicGradleProjectIdentifierMixin
instanceKlass org/gradle/tooling/model/gradle/BasicGradleProject
instanceKlass org/gradle/tooling/internal/adapter/ProtocolToModelAdapter$TypeSpecificMappingAction
instanceKlass org/gradle/tooling/internal/consumer/converters/GradleProjectIdentifierMixin
instanceKlass org/gradle/tooling/internal/gradle/DefaultBuildIdentifier
instanceKlass org/gradle/tooling/internal/gradle/DefaultProjectIdentifier
instanceKlass org/gradle/tooling/internal/gradle/GradleProjectIdentity
instanceKlass org/gradle/tooling/internal/gradle/GradleBuildIdentity
instanceKlass org/gradle/tooling/internal/adapter/ProtocolToModelAdapter$DefaultViewBuilder
instanceKlass org/gradle/tooling/internal/provider/connection/ProviderBuildResult
instanceKlass org/apache/ivy/core/module/descriptor/ModuleDescriptor
instanceKlass org/apache/ivy/core/module/descriptor/DependencyDescriptorMediator
instanceKlass org/apache/ivy/plugins/latest/ArtifactInfo
instanceKlass org/apache/ivy/plugins/namespace/Namespace
instanceKlass org/apache/ivy/util/extendable/UnmodifiableExtendableItem
instanceKlass org/apache/ivy/core/module/descriptor/DefaultDependencyDescriptor
instanceKlass org/apache/ivy/core/module/descriptor/DependencyDescriptor
instanceKlass org/apache/ivy/core/module/descriptor/InheritableItem
instanceKlass org/gradle/api/internal/artifacts/ivyservice/ivyresolve/parser/IvyModuleDescriptorConverter
instanceKlass org/gradle/api/internal/artifacts/ivyservice/IvyContextualMetaDataParser
instanceKlass org/gradle/internal/component/external/model/MutableIvyModuleResolveMetadata
instanceKlass org/gradle/api/internal/artifacts/ivyservice/ivyresolve/LocalModuleComponentRepository$RemoteAccess
instanceKlass org/gradle/api/internal/artifacts/ivyservice/ivyresolve/LocalModuleComponentRepository$LocalAccess
instanceKlass org/gradle/internal/resource/transport/file/FileTransport$FileCacheAwareExternalResourceAccessor
instanceKlass com/google/common/collect/LinkedHashMultimap$1
instanceKlass org/gradle/api/internal/artifacts/result/DefaultArtifactResolutionResult
instanceKlass org/gradle/api/artifacts/result/ArtifactResolutionResult
instanceKlass org/gradle/api/internal/artifacts/query/DefaultArtifactResolutionQuery$1
instanceKlass org/gradle/api/internal/artifacts/configurations/DetachedConfigurationsProvider
instanceKlass com/google/common/collect/AbstractMapBasedMultimap$KeySet$1
instanceKlass org/gradle/api/artifacts/result/ComponentArtifactsResult
instanceKlass org/gradle/api/artifacts/result/ComponentResult
instanceKlass org/gradle/api/internal/artifacts/query/DefaultArtifactResolutionQuery
instanceKlass org/gradle/plugins/ide/idea/model/internal/IdeaDependenciesProvider$1
instanceKlass org/gradle/plugins/ide/internal/resolver/UnresolvedDependenciesLogger
instanceKlass org/gradle/plugins/ide/idea/model/internal/ModuleDependencyBuilder
instanceKlass org/gradle/plugins/ide/internal/resolver/DefaultIdeDependencyResolver
instanceKlass org/gradle/plugins/ide/internal/resolver/IdeDependencyResolver
instanceKlass org/gradle/plugins/ide/internal/IdeDependenciesExtractor
instanceKlass org/gradle/plugins/ide/idea/model/internal/IdeaDependenciesProvider
instanceKlass org/gradle/plugins/ide/internal/tooling/idea/DefaultIdeaCompilerOutput
instanceKlass org/gradle/plugins/ide/internal/tooling/idea/DefaultIdeaModule
instanceKlass org/gradle/plugins/ide/internal/tooling/idea/DefaultIdeaContentRoot
instanceKlass org/gradle/plugins/ide/idea/IdeaPlugin$7$2
instanceKlass org/gradle/plugins/ide/idea/IdeaPlugin$7$1
instanceKlass org/gradle/plugins/ide/internal/tooling/java/DefaultInstalledJdk
instanceKlass org/gradle/plugins/ide/internal/tooling/idea/DefaultIdeaJavaLanguageSettings
instanceKlass org/gradle/plugins/ide/internal/tooling/idea/DefaultIdeaLanguageLevel
instanceKlass org/gradle/plugins/ide/internal/tooling/idea/DefaultIdeaProject
instanceKlass org/gradle/util/DistributionLocator
instanceKlass org/gradle/buildinit/tasks/internal/TaskConfiguration$3
instanceKlass org/gradle/api/internal/AbstractTask$5
instanceKlass org/gradle/buildinit/tasks/internal/TaskConfiguration$2
instanceKlass org/gradle/buildinit/tasks/internal/TaskConfiguration$1
instanceKlass org/gradle/api/tasks/diagnostics/internal/TaskReportModel
instanceKlass org/gradle/internal/graph/GraphRenderer
instanceKlass org/gradle/api/plugins/HelpTasksPlugin$Rules$1
instanceKlass org/gradle/language/base/plugins/LifecycleBasePlugin$2$1
instanceKlass org/gradle/api/tasks/diagnostics/BuildEnvironmentReportTask$1
instanceKlass org/gradle/api/tasks/diagnostics/internal/graph/NodeRenderer
instanceKlass org/gradle/api/tasks/diagnostics/internal/graph/nodes/RenderableDependency
instanceKlass org/gradle/api/tasks/diagnostics/internal/DependencyReportRenderer
instanceKlass org/gradle/api/internal/tasks/PublicTaskSpecification
instanceKlass org/gradle/plugins/ide/internal/tooling/ToolingModelBuilderSupport
instanceKlass org/gradle/tooling/internal/gradle/DefaultBuildIdentifier
instanceKlass org/gradle/tooling/internal/gradle/DefaultProjectIdentifier
instanceKlass org/gradle/tooling/internal/gradle/DefaultGradleScript
instanceKlass org/gradle/tooling/model/gradle/GradleScript
instanceKlass org/gradle/tooling/internal/gradle/DefaultGradleProject
instanceKlass org/gradle/plugins/ide/idea/IdeaPlugin$20
instanceKlass org/gradle/internal/component/local/model/PublishArtifactLocalArtifactMetadata
instanceKlass org/gradle/plugins/ide/idea/internal/IdeaScalaConfigurer
instanceKlass org/gradle/plugins/ide/idea/IdeaPlugin$19
instanceKlass org/gradle/language/scala/plugins/ScalaLanguagePlugin
instanceKlass org/gradle/plugins/ide/idea/IdeaPlugin$18
instanceKlass org/gradle/api/plugins/scala/ScalaBasePlugin
instanceKlass org/gradle/plugins/ide/idea/IdeaPlugin$15
instanceKlass org/gradle/api/plugins/WarPlugin
instanceKlass org/gradle/plugins/ide/idea/IdeaPlugin$14
instanceKlass org/gradle/plugins/ide/idea/IdeaPlugin$13
instanceKlass org/gradle/plugins/ide/idea/IdeaPlugin$12
instanceKlass org/gradle/plugins/ide/idea/IdeaPlugin$11
instanceKlass org/gradle/plugins/ide/idea/IdeaPlugin$10
instanceKlass org/gradle/plugins/ide/idea/IdeaPlugin$9
instanceKlass org/gradle/plugins/ide/internal/configurer/HierarchicalElementDeduplicator$StatefulDeduplicator$1
instanceKlass org/gradle/plugins/ide/internal/configurer/HierarchicalElementDeduplicator$StatefulDeduplicator
instanceKlass org/gradle/plugins/ide/internal/configurer/DefaultUniqueProjectNameProvider$ProjectPathDeduplicationAdapter
instanceKlass org/gradle/plugins/ide/internal/configurer/HierarchicalElementDeduplicator
instanceKlass org/gradle/language/scala/ScalaPlatform
instanceKlass org/gradle/plugins/ide/idea/model/Path
instanceKlass org/gradle/plugins/ide/idea/IdeaPlugin$8
instanceKlass org/gradle/plugins/ide/idea/IdeaPlugin$7
instanceKlass org/gradle/plugins/ide/idea/IdeaPlugin$6
instanceKlass org/gradle/plugins/ide/idea/IdeaPlugin$5
instanceKlass org/gradle/plugins/ide/idea/IdeaPlugin$4
instanceKlass org/gradle/plugins/ide/idea/model/PathFactory
instanceKlass org/objectweb/asm/Handler
instanceKlass org/gradle/plugins/ide/idea/model/IdeaLanguageLevel
instanceKlass org/gradle/plugins/ide/api/FileContentMerger
instanceKlass org/gradle/plugins/ide/internal/generator/generator/PersistableConfigurationObjectGenerator
instanceKlass org/gradle/internal/xml/XmlTransformer
instanceKlass org/gradle/plugins/ide/internal/generator/AbstractPersistableConfigurationObject
instanceKlass org/gradle/plugins/ide/internal/generator/generator/PersistableConfigurationObject
instanceKlass org/gradle/plugins/ide/internal/generator/generator/Generator
instanceKlass org/gradle/plugins/ide/idea/model/IdeaProject
instanceKlass org/gradle/plugins/ide/idea/model/IdeaWorkspace
instanceKlass org/gradle/plugins/ide/idea/model/IdeaModule
instanceKlass org/gradle/plugins/ide/idea/model/IdeaModel
instanceKlass org/gradle/plugins/ide/idea/IdeaPlugin$3
instanceKlass org/gradle/plugins/ide/idea/IdeaPlugin$2
instanceKlass org/gradle/plugins/ide/idea/IdeaPlugin$1
instanceKlass org/gradle/plugins/ide/internal/configurer/HierarchicalElementAdapter
instanceKlass org/gradle/plugins/ide/internal/configurer/DefaultUniqueProjectNameProvider
instanceKlass org/gradle/plugins/ide/internal/IdePlugin
instanceKlass org/jetbrains/kotlin/allopen/ide/AllOpenModel
instanceKlass org/jetbrains/kotlin/kapt/idea/KaptGradleModel
instanceKlass org/jetbrains/kotlin/android/synthetic/idea/AndroidExtensionsGradleModel
instanceKlass org/jetbrains/plugins/gradle/model/IntelliJProjectSettings
instanceKlass org/jetbrains/plugins/gradle/model/IntelliJSettings
instanceKlass org/jetbrains/plugins/gradle/model/GradleExtensions
instanceKlass org/jetbrains/plugins/gradle/model/BuildScriptClasspathModel
instanceKlass org/jetbrains/plugins/gradle/model/ModuleExtendedModel
instanceKlass org/jetbrains/plugins/gradle/model/ExternalDependency
instanceKlass org/jetbrains/plugins/gradle/model/ear/EarConfiguration$EarModel
instanceKlass org/jetbrains/plugins/gradle/model/ear/EarConfiguration
instanceKlass org/jetbrains/plugins/gradle/model/web/WebConfiguration$WarModel
instanceKlass org/jetbrains/plugins/gradle/model/web/WebConfiguration
instanceKlass org/jetbrains/kotlin/noarg/ide/NoArgModel
instanceKlass org/jetbrains/kotlin/gradle/KotlinGradleModel
instanceKlass org/jetbrains/kotlin/samWithReceiver/ide/SamWithReceiverModel
instanceKlass org/jetbrains/kotlin/annotation/plugin/ide/AnnotationBasedPluginModel
instanceKlass org/gradle/tooling/internal/consumer/versioning/ModelMapping$DefaultModelIdentifier
instanceKlass com/google/common/base/Objects
instanceKlass org/jetbrains/plugins/gradle/model/UnresolvedExternalDependency
instanceKlass org/jetbrains/plugins/gradle/model/FileCollectionDependency
instanceKlass org/jetbrains/plugins/gradle/model/ExternalLibraryDependency
instanceKlass org/jetbrains/plugins/gradle/model/ExternalProjectDependency
instanceKlass org/jetbrains/plugins/gradle/model/ExternalDependency
instanceKlass org/gradle/tooling/model/gradle/BuildInvocations
instanceKlass org/gradle/tooling/internal/adapter/ProtocolToModelAdapter$2
instanceKlass org/gradle/tooling/internal/adapter/ProtocolToModelAdapter$ViewGraphDetails
instanceKlass org/gradle/tooling/model/gradle/ProjectPublications
instanceKlass org/gradle/tooling/internal/protocol/InternalProjectOutcomes
instanceKlass org/gradle/tooling/model/internal/outcomes/ProjectOutcomes
instanceKlass org/gradle/tooling/internal/protocol/InternalBuildEnvironment
instanceKlass org/gradle/tooling/model/build/BuildEnvironment
instanceKlass org/gradle/tooling/internal/protocol/InternalBasicIdeaProject
instanceKlass org/gradle/tooling/model/idea/BasicIdeaProject
instanceKlass org/gradle/tooling/internal/protocol/InternalGradleProject
instanceKlass org/gradle/tooling/model/GradleProject
instanceKlass org/gradle/tooling/model/BuildableElement
instanceKlass org/gradle/tooling/internal/protocol/InternalIdeaProject
instanceKlass org/gradle/tooling/model/idea/IdeaProject
instanceKlass org/gradle/tooling/internal/protocol/eclipse/EclipseProjectVersion3
instanceKlass org/gradle/tooling/internal/protocol/ProjectVersion3
instanceKlass org/gradle/tooling/internal/protocol/BuildableProjectVersion1
instanceKlass org/gradle/tooling/model/eclipse/EclipseProject
instanceKlass org/gradle/tooling/internal/protocol/eclipse/HierarchicalEclipseProjectVersion1
instanceKlass org/gradle/tooling/internal/protocol/HierarchicalProjectVersion1
instanceKlass org/gradle/tooling/model/eclipse/HierarchicalEclipseProject
instanceKlass com/google/common/collect/AbstractMapEntry
instanceKlass com/google/common/collect/Hashing
instanceKlass com/google/common/collect/CollectPreconditions
instanceKlass com/google/common/collect/BiMap
instanceKlass org/gradle/tooling/internal/protocol/ModelIdentifier
instanceKlass org/gradle/tooling/internal/consumer/versioning/ModelMapping
instanceKlass org/gradle/tooling/model/internal/outcomes/GradleFileBuildOutcome
instanceKlass org/gradle/tooling/model/internal/outcomes/GradleBuildOutcome
instanceKlass org/gradle/tooling/model/idea/IdeaModuleDependency
instanceKlass org/gradle/tooling/model/idea/IdeaSingleEntryLibraryDependency
instanceKlass org/gradle/tooling/model/ExternalDependency
instanceKlass org/gradle/tooling/model/idea/IdeaDependency
instanceKlass org/gradle/tooling/model/Dependency
instanceKlass org/gradle/tooling/internal/consumer/converters/ConsumerTargetTypeProvider
instanceKlass org/gradle/tooling/internal/adapter/CollectionMapper
instanceKlass org/gradle/tooling/internal/adapter/TypeInspector
instanceKlass org/gradle/internal/time/TrueTimeProvider
instanceKlass org/gradle/internal/time/TimeProvider
instanceKlass org/gradle/internal/time/Clock
instanceKlass org/gradle/internal/time/CountdownTimer
instanceKlass org/gradle/internal/time/Timer
instanceKlass org/gradle/internal/time/Timers
instanceKlass org/gradle/tooling/internal/adapter/ProtocolToModelAdapter$MethodInvocationCache
instanceKlass org/gradle/tooling/internal/adapter/ProtocolToModelAdapter$ReflectionMethodInvoker
instanceKlass org/gradle/tooling/internal/adapter/MethodInvoker
instanceKlass org/gradle/tooling/internal/adapter/ProtocolToModelAdapter$1
instanceKlass org/gradle/tooling/internal/adapter/ProtocolToModelAdapter$NoOpDecoration
instanceKlass org/gradle/tooling/internal/adapter/ProtocolToModelAdapter$ViewDecoration
instanceKlass org/gradle/tooling/internal/adapter/ViewBuilder
instanceKlass org/gradle/internal/typeconversion/NotationParser
instanceKlass org/gradle/internal/typeconversion/NotationConverter
instanceKlass org/gradle/tooling/internal/adapter/ProtocolToModelAdapter
instanceKlass org/gradle/tooling/internal/adapter/ObjectGraphAdapter
instanceKlass org/gradle/tooling/internal/protocol/InternalBuildActionVersion2
instanceKlass org/gradle/tooling/internal/protocol/BuildResult
instanceKlass org/gradle/tooling/internal/provider/runner/DefaultBuildController
instanceKlass org/gradle/model/internal/core/NodeBackedModelMap$9
instanceKlass org/gradle/model/internal/core/DefaultModelViewState$1
instanceKlass org/gradle/model/internal/core/DeferredModelAction
instanceKlass org/gradle/model/internal/core/DefaultModelViewState
instanceKlass org/gradle/model/internal/core/NodeBackedModelMap$2
instanceKlass org/gradle/model/internal/manage/schema/extract/FactoryBasedStructNodeInitializerExtractionStrategy
instanceKlass org/gradle/platform/base/internal/BinaryBuildAbility
instanceKlass org/gradle/api/artifacts/component/LibraryBinaryIdentifier
instanceKlass org/gradle/model/internal/typeregistration/BaseInstanceFactory$InternalViewRegistration
instanceKlass org/gradle/model/internal/typeregistration/BaseInstanceFactory$ImplementationRegistration
instanceKlass org/gradle/platform/base/component/internal/DefaultComponentSpec$ComponentInfo
instanceKlass org/gradle/model/internal/typeregistration/BaseInstanceFactory$TypeRegistrationBuilderImpl
instanceKlass org/gradle/model/internal/typeregistration/BaseInstanceFactory$TypeRegistration
instanceKlass org/gradle/platform/base/internal/registry/DefaultTypeBuilder
instanceKlass org/gradle/platform/base/component/internal/ComponentSpecFactory$3
instanceKlass org/gradle/language/base/internal/LanguageSourceSetInternal
instanceKlass org/gradle/platform/base/component/internal/ComponentSpecFactory$2
instanceKlass org/gradle/platform/base/component/internal/ComponentSpecFactory$1
instanceKlass org/gradle/platform/base/component/internal/AbstractComponentSpec
instanceKlass org/gradle/platform/base/internal/ComponentSpecInternal
instanceKlass org/gradle/platform/base/internal/ComponentSpecIdentifier
instanceKlass org/gradle/model/internal/typeregistration/BaseInstanceFactory$ImplementationFactory
instanceKlass org/gradle/model/internal/typeregistration/BaseInstanceFactory$TypeRegistrationBuilder
instanceKlass org/gradle/model/internal/typeregistration/InstanceFactory$ImplementationInfo
instanceKlass org/gradle/model/internal/manage/schema/extract/ManagedImplStructNodeInitializerExtractionStrategy
instanceKlass org/gradle/model/internal/manage/schema/extract/CollectionNodeInitializerExtractionSupport
instanceKlass org/gradle/model/internal/core/DefaultNodeInitializerRegistry
instanceKlass org/gradle/model/internal/inspect/DefaultModelRuleInvoker
instanceKlass org/gradle/model/internal/core/SpecializedModelMapProjection
instanceKlass org/gradle/model/internal/core/ChildNodeInitializerStrategyAccessors$1
instanceKlass org/gradle/internal/logging/text/AbstractStyledTextOutput$StyleOverrideTextOutput
instanceKlass org/gradle/internal/logging/events/StyledTextOutputEvent$Span
instanceKlass com/android/build/gradle/BasePlugin$$Lambda$276
instanceKlass java/lang/invoke/LambdaForm$DMH
instanceKlass org/gradle/process/internal/health/memory/JvmMemoryStatusSnapshot
instanceKlass com/android/build/gradle/tasks/LintGlobalTask$GlobalConfigAction$$Lambda$275
instanceKlass com/android/build/gradle/tasks/LintGlobalTask$GlobalConfigAction$$Lambda$274
instanceKlass com/android/build/gradle/internal/TaskManager$$Lambda$273
instanceKlass com/android/build/FilterData
instanceKlass com/android/build/gradle/internal/ApiObjectFactory$$Lambda$272
instanceKlass com/android/build/gradle/internal/api/BaseVariantOutputImpl
instanceKlass com/android/build/gradle/api/ApkVariantOutput
instanceKlass com/android/build/gradle/internal/dsl/VariantOutputFactory
instanceKlass com/android/build/gradle/internal/api/BaseVariantImpl
instanceKlass com/android/build/gradle/internal/ApiObjectFactory
instanceKlass com/android/build/gradle/internal/tasks/SigningReportTask$SigningInfo
instanceKlass com/android/build/gradle/internal/TaskManager$$Lambda$271
instanceKlass com/android/build/gradle/internal/TaskManager$$Lambda$270
instanceKlass com/android/build/gradle/internal/TaskManager$$Lambda$269
instanceKlass com/android/build/gradle/internal/tasks/DeviceProviderInstrumentTestTask$ConfigAction$$Lambda$268
instanceKlass org/gradle/api/internal/AbstractTask$9
instanceKlass com/android/builder/core/BuilderConstants
instanceKlass com/android/build/gradle/internal/tasks/DeviceProviderInstrumentTestTask$ConfigAction$$Lambda$267
instanceKlass com/android/build/gradle/internal/tasks/DeviceProviderInstrumentTestTask$ConfigAction$$Lambda$266
instanceKlass com/android/ddmlib/IShellEnabledDevice
instanceKlass com/android/builder/testing/BaseTestRunner
instanceKlass com/android/build/gradle/internal/tasks/DeviceProviderInstrumentTestTask$1
instanceKlass org/gradle/api/Nullable
instanceKlass com/android/build/gradle/internal/tasks/DeviceProviderInstrumentTestTask$$Lambda$265
instanceKlass java/lang/invoke/LambdaForm$DMH
instanceKlass com/android/build/gradle/internal/tasks/DeviceProviderInstrumentTestTask$TestRunnerFactory
instanceKlass com/android/ddmlib/Log$ILogOutput
instanceKlass com/android/builder/testing/TestRunner
instanceKlass com/android/build/gradle/internal/tasks/DeviceProviderInstrumentTestTask$ConfigAction
instanceKlass com/android/build/gradle/internal/TaskManager$$Lambda$264
instanceKlass com/android/build/gradle/internal/variant/TestVariantData$1
instanceKlass com/android/build/gradle/internal/dependency/AndroidTestResourceArtifactCollection
instanceKlass com/android/build/gradle/tasks/ProcessTestManifest$ConfigAction$$Lambda$263
instanceKlass com/android/build/gradle/tasks/ProcessTestManifest$ConfigAction$$Lambda$262
instanceKlass com/android/build/gradle/tasks/ProcessTestManifest$ConfigAction$$Lambda$261
instanceKlass com/android/build/gradle/tasks/ProcessTestManifest$ConfigAction$$Lambda$260
instanceKlass com/android/build/gradle/tasks/ProcessTestManifest$ConfigAction$$Lambda$259
instanceKlass com/android/build/gradle/tasks/ProcessTestManifest$ConfigAction$$Lambda$258
instanceKlass com/android/build/gradle/tasks/ProcessTestManifest$ConfigAction$$Lambda$257
instanceKlass com/android/build/gradle/tasks/ProcessTestManifest$ConfigAction
instanceKlass com/android/build/gradle/internal/tasks/TestPreBuildTask$ConfigAction
instanceKlass com/android/build/gradle/internal/TaskManager$$Lambda$256
instanceKlass com/android/build/gradle/internal/TaskManager$$Lambda$255
instanceKlass org/gradle/api/plugins/JavaBasePlugin$17
instanceKlass org/gradle/api/plugins/JavaBasePlugin$16
instanceKlass org/gradle/api/plugins/JavaBasePlugin$15
instanceKlass org/gradle/api/internal/tasks/testing/filter/DefaultTestFilter
instanceKlass org/gradle/process/internal/JvmOptions
instanceKlass org/gradle/process/internal/DefaultProcessForkOptions
instanceKlass org/gradle/process/internal/JavaForkOptionsInternal
instanceKlass org/gradle/api/reporting/internal/TaskGeneratedReport$1
instanceKlass org/gradle/api/reporting/internal/SimpleReport
instanceKlass org/gradle/api/reporting/internal/DefaultReportContainer$5
instanceKlass org/gradle/api/reporting/Report$1
instanceKlass org/gradle/api/reporting/internal/DefaultReportContainer$4
instanceKlass org/gradle/api/reporting/internal/DefaultReportContainer$3
instanceKlass org/gradle/api/reporting/internal/DefaultReportContainer$2
instanceKlass org/gradle/api/reporting/internal/DefaultReportContainer$1
instanceKlass org/gradle/api/tasks/testing/JUnitXmlReport
instanceKlass org/gradle/api/internal/tasks/testing/logging/DefaultTestLogging
instanceKlass org/gradle/api/internal/tasks/testing/logging/DefaultTestLoggingContainer
instanceKlass org/gradle/api/internal/tasks/options/Option
instanceKlass org/gradle/api/tasks/testing/TestTaskReports
instanceKlass org/gradle/api/internal/tasks/testing/junit/result/TestOutputStore
instanceKlass org/gradle/api/tasks/testing/logging/TestLoggingContainer
instanceKlass org/gradle/api/tasks/testing/logging/TestLogging
instanceKlass org/gradle/api/internal/tasks/testing/JvmTestExecutionSpec
instanceKlass org/gradle/api/tasks/testing/TestFrameworkOptions
instanceKlass org/gradle/api/internal/tasks/testing/TestExecuter
instanceKlass org/gradle/api/internal/tasks/testing/TestExecutionSpec
instanceKlass org/gradle/api/internal/tasks/testing/TestFramework
instanceKlass org/gradle/api/tasks/testing/TestFilter
instanceKlass org/gradle/api/reporting/ReportContainer
instanceKlass org/gradle/api/internal/tasks/testing/report/TestReporter
instanceKlass org/gradle/api/internal/tasks/testing/junit/result/TestResultsProvider
instanceKlass org/gradle/api/internal/tasks/testing/TestResultProcessor
instanceKlass org/gradle/api/tasks/testing/TestOutputListener
instanceKlass org/gradle/api/reporting/DirectoryReport
instanceKlass org/gradle/api/internal/tasks/testing/logging/TestExceptionFormatter
instanceKlass org/gradle/api/reporting/ConfigurableReport
instanceKlass org/gradle/api/reporting/Report
instanceKlass com/android/build/gradle/tasks/factory/AndroidUnitTest$ConfigAction
instanceKlass com/android/build/gradle/internal/TaskManager$$Lambda$254
instanceKlass com/android/build/gradle/internal/TaskManager$$Lambda$253
instanceKlass com/android/build/gradle/tasks/LintBaseTask$VariantInputs
instanceKlass com/android/tools/lint/gradle/api/VariantInputs
instanceKlass com/android/build/gradle/tasks/LintBaseTask$BaseConfigAction
instanceKlass com/android/build/gradle/internal/ApplicationTaskManager$$Lambda$252
instanceKlass com/android/build/gradle/internal/TaskManager$$Lambda$251
instanceKlass com/android/build/gradle/internal/tasks/UninstallTask$ConfigAction$$Lambda$250
instanceKlass com/android/build/gradle/internal/tasks/UninstallTask$$Lambda$249
instanceKlass com/android/build/gradle/internal/tasks/UninstallTask$$Lambda$248
instanceKlass com/android/build/gradle/internal/tasks/UninstallTask$ConfigAction
instanceKlass com/android/build/gradle/internal/tasks/InstallVariantTask$ConfigAction$$Lambda$247
instanceKlass com/android/build/gradle/internal/tasks/InstallVariantTask$ConfigAction$$Lambda$246
instanceKlass org/gradle/api/internal/tasks/DefaultTaskInputs$FileTreeValue
instanceKlass com/android/build/gradle/internal/tasks/InstallVariantTask$$Lambda$245
instanceKlass com/android/builder/testing/api/DeviceConfigProvider
instanceKlass com/android/build/gradle/internal/tasks/InstallVariantTask$ConfigAction
instanceKlass com/android/build/gradle/internal/tasks/ValidateSigningTask$ConfigAction$execute$1
instanceKlass com/android/build/gradle/internal/tasks/ValidateSigningTask$ConfigAction
instanceKlass com/android/build/gradle/internal/TaskManager$$Lambda$244
instanceKlass com/android/builder/internal/aapt/AaptOptions
instanceKlass com/android/build/gradle/internal/dsl/DslAdaptersKt
instanceKlass com/android/build/gradle/tasks/PackageAndroidArtifact$OutputFileProvider
instanceKlass com/android/builder/files/FileCacheByPath
instanceKlass com/android/build/gradle/internal/scope/BuildElements
instanceKlass com/android/build/gradle/tasks/PackageAndroidArtifact$ConfigAction
instanceKlass com/android/build/gradle/internal/ApplicationTaskManager$$Lambda$243
instanceKlass com/android/build/gradle/internal/cxx/stripping/SymbolStripExecutableFinder
instanceKlass com/android/build/gradle/internal/ndk/DefaultNdkInfo$$Lambda$242
instanceKlass com/android/build/gradle/internal/ndk/DefaultNdkInfo$$Lambda$241
instanceKlass com/android/build/gradle/internal/ndk/DefaultNdkInfo$$Lambda$240
instanceKlass kotlin/_Assertions
instanceKlass com/android/build/gradle/internal/cxx/stripping/SymbolStripExecutableFinderKt
instanceKlass com/android/utils/ImmutableCollectors$$Lambda$239
instanceKlass com/android/utils/ImmutableCollectors$$Lambda$238
instanceKlass com/android/utils/ImmutableCollectors$$Lambda$237
instanceKlass com/android/utils/ImmutableCollectors$$Lambda$236
instanceKlass com/android/utils/ImmutableCollectors
instanceKlass com/android/build/gradle/internal/transforms/StripDebugSymbolTransform$$Lambda$235
instanceKlass java/nio/file/PathMatcher
instanceKlass com/android/build/gradle/internal/tasks/TaskDelegateWithWorker$Companion
instanceKlass com/android/build/gradle/internal/tasks/TaskDelegateWithWorker
instanceKlass com/android/build/gradle/internal/tasks/PipelineToPublicationTask$ConfigAction
instanceKlass com/android/build/gradle/internal/pipeline/IntermediateStream$$Lambda$234
instanceKlass com/android/build/gradle/internal/pipeline/StreamFilter$$Lambda$233
instanceKlass com/android/build/gradle/internal/pipeline/StreamFilter$$Lambda$232
instanceKlass com/android/build/gradle/internal/pipeline/StreamFilter$$Lambda$231
instanceKlass com/android/build/gradle/internal/pipeline/StreamFilter
instanceKlass com/android/build/gradle/internal/TaskManager$$Lambda$230
instanceKlass com/android/build/gradle/internal/TaskManager$$Lambda$229
instanceKlass com/android/build/gradle/internal/transforms/DexMergerTransformCallable$Factory
instanceKlass java/lang/invoke/LambdaForm$DMH
instanceKlass com/android/build/gradle/internal/transforms/DexMergerTransformCallable
instanceKlass com/android/ide/common/process/ProcessOutput
instanceKlass com/android/build/gradle/internal/TaskManager$$Lambda$228
instanceKlass java/lang/invoke/LambdaForm$DMH
instanceKlass com/android/build/gradle/internal/transforms/DexArchiveBuilderCacheHandler
instanceKlass com/android/build/gradle/internal/TaskManager$$Lambda$227
instanceKlass com/android/build/gradle/internal/transforms/DexArchiveBuilderTransformBuilder
instanceKlass com/android/build/gradle/internal/transforms/MergeJavaResourcesTransform$$Lambda$226
instanceKlass org/gradle/api/plugins/BasePlugin$1$4
instanceKlass org/gradle/api/plugins/BasePlugin$1$3
instanceKlass org/gradle/api/plugins/BasePlugin$1$1
instanceKlass org/gradle/jvm/tasks/Jar$2
instanceKlass org/gradle/jvm/tasks/Jar$1
instanceKlass org/gradle/api/java/archives/internal/DefaultAttributes
instanceKlass org/gradle/api/java/archives/Attributes
instanceKlass org/gradle/api/java/archives/internal/DefaultManifest
instanceKlass org/gradle/api/java/archives/internal/ManifestInternal
instanceKlass org/gradle/api/internal/file/copy/ZipCompressor
instanceKlass org/gradle/api/internal/file/archive/compression/ArchiveOutputStreamFactory
instanceKlass com/android/build/gradle/internal/ApplicationTaskManager$1
instanceKlass com/android/build/gradle/tasks/factory/AbstractCompilesUtil
instanceKlass com/android/builder/core/BootClasspathBuilder$$Lambda$225
instanceKlass com/android/builder/core/BootClasspathBuilder
instanceKlass com/google/common/collect/CollectCollectors$$Lambda$224
instanceKlass com/google/common/collect/CollectCollectors$$Lambda$223
instanceKlass com/google/common/collect/CollectCollectors$$Lambda$222
instanceKlass com/google/common/collect/CollectCollectors$$Lambda$221
instanceKlass com/android/build/gradle/internal/api/DefaultAndroidSourceDirectorySet$$Lambda$220
instanceKlass org/gradle/api/plugins/JavaBasePlugin$8$2
instanceKlass org/gradle/api/internal/ConventionAwareHelper$MappedPropertyImpl
instanceKlass org/gradle/api/internal/ConventionAwareHelper$2
instanceKlass org/gradle/api/plugins/JavaBasePlugin$8$1
instanceKlass org/gradle/api/tasks/CompileClasspathNormalizer
instanceKlass org/gradle/api/internal/project/taskfactory/CompileClasspathPropertyAnnotationHandler$1
instanceKlass org/gradle/api/internal/tasks/compile/CompilerForkUtils$1
instanceKlass org/gradle/api/internal/tasks/compile/CompilerForkUtils
instanceKlass org/gradle/api/internal/tasks/compile/CleaningJavaCompilerSupport
instanceKlass org/gradle/api/internal/tasks/compile/DefaultJvmLanguageCompileSpec
instanceKlass org/gradle/api/internal/tasks/compile/incremental/cache/CompileCaches
instanceKlass org/gradle/api/internal/tasks/compile/JavaCompileSpec
instanceKlass org/gradle/api/internal/tasks/compile/JvmLanguageCompileSpec
instanceKlass org/gradle/language/base/internal/compile/CompileSpec
instanceKlass com/android/build/gradle/tasks/factory/JavaCompileConfigAction
instanceKlass com/android/build/gradle/internal/dependency/ArtifactCollectionWithExtraArtifact
instanceKlass org/gradle/api/tasks/ClasspathNormalizer
instanceKlass org/gradle/api/internal/project/taskfactory/ClasspathPropertyAnnotationHandler$1
instanceKlass com/android/build/gradle/tasks/JavaPreCompileTask$ConfigAction
instanceKlass com/android/build/gradle/internal/ApplicationTaskManager$$Lambda$219
instanceKlass com/android/build/gradle/internal/pipeline/TransformStream$1
instanceKlass com/google/common/collect/MultitransformedIterator
instanceKlass com/google/common/collect/TransformedIterator
instanceKlass com/google/common/collect/Iterables$13
instanceKlass com/google/common/base/Optional
instanceKlass android/databinding/tool/util/Preconditions
instanceKlass com/android/build/gradle/internal/pipeline/TransformTask$ConfigAction$$Lambda$218
instanceKlass com/android/build/api/transform/SecondaryFile
instanceKlass com/android/build/gradle/internal/pipeline/TransformTask$ConfigAction
instanceKlass com/android/build/gradle/internal/pipeline/IntermediateStream$Builder
instanceKlass com/android/build/api/transform/TransformOutputProvider
instanceKlass com/google/common/base/Predicates$NotPredicate
instanceKlass com/google/common/collect/AbstractIterator$1
instanceKlass com/google/common/base/Predicates$InPredicate
instanceKlass com/google/common/base/Predicates
instanceKlass com/google/common/base/Ascii
instanceKlass java/util/stream/SortedOps
instanceKlass com/android/build/gradle/internal/pipeline/TransformManager$$Lambda$217
instanceKlass com/android/build/gradle/internal/transforms/MergeJavaResourcesTransform$$Lambda$216
instanceKlass com/android/builder/merge/IncrementalFileMergerInput
instanceKlass com/android/builder/merge/IncrementalFileMergerOutput
instanceKlass com/android/builder/merge/OpenableCloseable
instanceKlass com/android/build/gradle/internal/TaskManager$$Lambda$215
instanceKlass com/android/build/gradle/internal/pipeline/OriginalStream$Builder$$Lambda$214
instanceKlass com/android/build/gradle/internal/pipeline/OriginalStream$Builder$$Lambda$213
instanceKlass com/android/build/gradle/tasks/MergeSourceSetFolders$MergeJniLibFoldersConfigAction$$Lambda$212
instanceKlass com/android/build/gradle/tasks/MergeSourceSetFolders$MergeJniLibFoldersConfigAction$$Lambda$211
instanceKlass com/android/build/gradle/tasks/MergeSourceSetFolders$MergeJniLibFoldersConfigAction$$Lambda$210
instanceKlass com/android/build/gradle/internal/ApplicationTaskManager$$Lambda$209
instanceKlass com/android/build/gradle/tasks/ExternalNativeBuildTaskUtils$ExternalNativeBuildProjectPathResolution
instanceKlass com/android/build/gradle/internal/ApplicationTaskManager$$Lambda$208
instanceKlass com/android/build/gradle/tasks/NdkCompile$ConfigAction$$Lambda$207
instanceKlass com/android/build/gradle/options/NdkLease
instanceKlass com/android/build/gradle/tasks/NdkCompile$ConfigAction
instanceKlass com/android/build/gradle/tasks/ExternalNativeBuildTaskUtils
instanceKlass com/android/build/gradle/internal/ApplicationTaskManager$$Lambda$206
instanceKlass com/android/build/gradle/tasks/AidlCompile$ConfigAction$$Lambda$205
instanceKlass com/android/build/gradle/tasks/AidlCompile$DepFileProcessor
instanceKlass com/android/builder/internal/incremental/DependencyData
instanceKlass com/android/builder/compiling/DependencyFileProcessor
instanceKlass com/android/build/gradle/tasks/AidlCompile$ConfigAction
instanceKlass com/android/build/gradle/internal/ApplicationTaskManager$$Lambda$204
instanceKlass com/android/builder/profile/Recorder$Block
instanceKlass org/gradle/api/tasks/AbstractCopyTask$1$8
instanceKlass org/gradle/api/tasks/AbstractCopyTask$1$7
instanceKlass org/gradle/api/tasks/AbstractCopyTask$1$6
instanceKlass org/gradle/api/tasks/AbstractCopyTask$1$5
instanceKlass org/gradle/api/tasks/AbstractCopyTask$1$4
instanceKlass org/gradle/api/tasks/AbstractCopyTask$1$3
instanceKlass org/gradle/api/internal/tasks/DefaultTaskInputs$4
instanceKlass org/gradle/api/tasks/AbstractCopyTask$1$2
instanceKlass org/gradle/api/internal/tasks/StaticValue
instanceKlass org/gradle/api/internal/tasks/DefaultTaskInputs$1
instanceKlass org/gradle/api/tasks/AbstractCopyTask$1$1
instanceKlass org/gradle/api/internal/file/copy/DefaultCopySpec$2
instanceKlass org/gradle/api/internal/file/copy/DefaultCopySpec$DefaultCopySpecAddress
instanceKlass org/gradle/api/internal/file/copy/DefaultCopySpec$1
instanceKlass org/gradle/api/internal/file/copy/DefaultCopySpec$DefaultCopySpecResolver
instanceKlass org/gradle/api/internal/tasks/DefaultTaskOutputs$4
instanceKlass org/gradle/api/tasks/AbstractCopyTask$2
instanceKlass org/gradle/api/tasks/AbstractCopyTask$1
instanceKlass org/gradle/api/internal/file/copy/PathNotationConverter
instanceKlass org/gradle/api/internal/file/copy/CopySpecResolver
instanceKlass org/gradle/api/internal/file/copy/CopySpecInternal$CopySpecVisitor
instanceKlass org/gradle/api/internal/file/copy/CopySpecInternal$CopySpecAddress
instanceKlass org/gradle/api/internal/file/copy/DefaultCopySpec
instanceKlass org/gradle/api/internal/file/copy/CopyActionExecuter
instanceKlass org/gradle/api/internal/file/copy/DelegatingCopySpecInternal
instanceKlass org/gradle/api/internal/file/copy/CopySpecInternal$CopySpecListener
instanceKlass com/android/build/gradle/tasks/factory/ProcessJavaResConfigAction
instanceKlass java/util/stream/FindOps$$Lambda$203
instanceKlass java/util/stream/FindOps$FindSink
instanceKlass java/util/stream/FindOps$$Lambda$202
instanceKlass java/lang/invoke/LambdaForm$DMH
instanceKlass java/util/stream/FindOps$FindOp
instanceKlass java/util/stream/FindOps
instanceKlass com/android/build/gradle/internal/scope/OutputScope$$Lambda$201
instanceKlass com/android/build/gradle/internal/res/LinkAndroidResForBundleTask$ConfigAction
instanceKlass com/android/manifmerger/PlaceholderHandler
instanceKlass org/gradle/api/internal/project/taskfactory/NestedBeanPropertyAnnotationHandler$1
instanceKlass com/android/build/gradle/internal/res/LinkApplicationAndroidResourcesTask$$Lambda$200
instanceKlass com/android/ide/common/internal/WaitableExecutor$TaskResult
instanceKlass com/android/builder/internal/aapt/Aapt
instanceKlass com/android/build/gradle/internal/scope/SplitList
instanceKlass com/android/builder/internal/aapt/BlockingResourceLinker
instanceKlass com/android/build/gradle/internal/res/LinkApplicationAndroidResourcesTask$ConfigAction
instanceKlass com/android/build/gradle/internal/TaskManager$$Lambda$199
instanceKlass com/android/build/gradle/internal/scope/SplitList$Filter
instanceKlass com/android/build/gradle/tasks/SplitsDiscovery$ConfigAction
instanceKlass com/android/build/gradle/internal/ApplicationTaskManager$$Lambda$198
instanceKlass com/android/build/gradle/tasks/GenerateBuildConfig$ConfigAction$$Lambda$197
instanceKlass com/android/build/gradle/tasks/GenerateBuildConfig$ConfigAction$$Lambda$196
instanceKlass com/android/build/gradle/tasks/GenerateBuildConfig$ConfigAction$$Lambda$195
instanceKlass com/android/build/gradle/tasks/GenerateBuildConfig$ConfigAction$$Lambda$194
instanceKlass com/android/build/gradle/tasks/GenerateBuildConfig$ConfigAction$$Lambda$193
instanceKlass com/android/build/gradle/tasks/GenerateBuildConfig$ConfigAction$$Lambda$192
instanceKlass com/android/build/gradle/tasks/GenerateBuildConfig$ConfigAction$$Lambda$191
instanceKlass com/android/build/gradle/tasks/GenerateBuildConfig$ConfigAction$$Lambda$190
instanceKlass com/android/build/gradle/tasks/GenerateBuildConfig$ConfigAction
instanceKlass com/android/build/gradle/internal/ApplicationTaskManager$$Lambda$189
instanceKlass com/android/build/gradle/tasks/MergeSourceSetFolders$MergeAssetBaseConfigAction$$Lambda$188
instanceKlass com/android/build/gradle/tasks/MergeSourceSetFolders$MergeAssetBaseConfigAction$$Lambda$187
instanceKlass com/android/build/gradle/tasks/MergeSourceSetFolders$MergeAssetBaseConfigAction$$Lambda$186
instanceKlass com/android/build/gradle/internal/ApplicationTaskManager$$Lambda$185
instanceKlass com/google/common/collect/AbstractMapBasedMultimap$KeySet$1
instanceKlass com/android/build/gradle/tasks/ShaderCompile$ConfigAction
instanceKlass com/android/build/gradle/tasks/MergeSourceSetFolders$MergeShaderSourceFoldersConfigAction$$Lambda$184
instanceKlass com/android/build/gradle/tasks/MergeSourceSetFolders$MergeShaderSourceFoldersConfigAction$$Lambda$183
instanceKlass com/android/build/gradle/tasks/MergeSourceSetFolders$MergeShaderSourceFoldersConfigAction$$Lambda$182
instanceKlass com/android/build/gradle/tasks/MergeSourceSetFolders$AssetWorkAction
instanceKlass com/android/build/gradle/tasks/MergeSourceSetFolders$ConfigAction
instanceKlass com/android/build/gradle/internal/ApplicationTaskManager$$Lambda$181
instanceKlass com/android/build/gradle/tasks/MergeResources$ConfigAction$$Lambda$180
instanceKlass com/android/build/gradle/tasks/MergeResources$ConfigAction$$Lambda$179
instanceKlass com/android/build/gradle/tasks/MergeResources$FileGenerationWorkAction
instanceKlass com/android/build/gradle/tasks/WorkerExecutorAdapter
instanceKlass com/android/ide/common/res2/FileValidity
instanceKlass org/gradle/workers/internal/DaemonForkOptions
instanceKlass org/gradle/workers/internal/ActionExecutionSpec
instanceKlass org/gradle/workers/internal/WorkSpec
instanceKlass org/gradle/workers/WorkerConfiguration
instanceKlass org/gradle/internal/work/AsyncWorkCompletion
instanceKlass org/gradle/workers/internal/DefaultWorkerExecutor
instanceKlass org/gradle/workers/internal/NoIsolationWorkerFactory
instanceKlass org/gradle/internal/work/DefaultAsyncWorkTracker
instanceKlass org/gradle/api/internal/classloading/NoOpGroovySystemLoader
instanceKlass org/gradle/api/internal/classloading/LeakyOnJava7GroovySystemLoader
instanceKlass org/gradle/api/internal/classloading/GroovySystemLoader
instanceKlass org/gradle/api/internal/classloading/GroovySystemLoaderFactory
instanceKlass com/android/ide/common/blame/MergingLog
instanceKlass com/android/ide/common/res2/ResourcePreprocessor
instanceKlass com/android/ide/common/res2/MergeConsumer
instanceKlass com/android/ide/common/res2/DataSet
instanceKlass com/android/ide/common/res2/DataMap
instanceKlass com/android/ide/common/res2/SourceSet
instanceKlass com/android/ide/common/blame/parser/PatternAwareOutputParser
instanceKlass com/android/ide/common/res2/QueueableResourceCompiler
instanceKlass com/android/ide/common/res2/ResourceCompiler
instanceKlass com/android/ide/common/workers/WorkerExecutorFacade
instanceKlass com/android/ide/common/res2/SingleFileProcessor
instanceKlass com/android/build/gradle/tasks/MergeResources$ConfigAction
instanceKlass com/android/build/gradle/internal/ApplicationTaskManager$$Lambda$178
instanceKlass com/android/build/gradle/internal/tasks/TaskInputHelper$Bypasser
instanceKlass com/android/build/gradle/tasks/RenderscriptCompile$ConfigAction$$Lambda$177
instanceKlass com/android/build/gradle/tasks/RenderscriptCompile$ConfigAction$$Lambda$176
instanceKlass com/android/build/gradle/tasks/RenderscriptCompile$ConfigAction
instanceKlass com/android/build/gradle/internal/ApplicationTaskManager$$Lambda$175
instanceKlass com/android/build/gradle/tasks/GenerateResValues$ConfigAction$$Lambda$174
instanceKlass com/android/build/gradle/tasks/GenerateResValues$ConfigAction
instanceKlass com/android/build/gradle/internal/ApplicationTaskManager$$Lambda$173
instanceKlass java/util/concurrent/ForkJoinPool$1
instanceKlass java/util/concurrent/ForkJoinPool$DefaultForkJoinWorkerThreadFactory
instanceKlass java/util/concurrent/ForkJoinTask
instanceKlass java/util/concurrent/ForkJoinPool$WorkQueue
instanceKlass java/util/concurrent/ForkJoinPool$ForkJoinWorkerThreadFactory
instanceKlass com/android/ide/common/internal/WaitableExecutor
instanceKlass com/android/build/gradle/internal/scope/ExistingBuildElements$Companion
instanceKlass com/android/build/gradle/internal/scope/ExistingBuildElements
instanceKlass com/android/build/gradle/tasks/MergeManifests$ConfigAction$$Lambda$172
instanceKlass com/android/build/gradle/tasks/MergeManifests$ConfigAction$$Lambda$171
instanceKlass com/android/build/gradle/tasks/MergeManifests$ConfigAction$$Lambda$170
instanceKlass org/gradle/api/internal/project/taskfactory/AnnotationProcessingTaskFactory$1
instanceKlass org/gradle/api/tasks/incremental/InputFileDetails
instanceKlass org/gradle/api/tasks/incremental/IncrementalTaskInputs
instanceKlass com/android/build/gradle/tasks/MergeManifests$ConfigAction
instanceKlass com/google/common/base/Suppliers$MemoizingSupplier
instanceKlass com/google/common/base/Suppliers$NonSerializableMemoizingSupplier
instanceKlass com/android/build/gradle/internal/tasks/TaskInputHelper$$Lambda$169
instanceKlass com/android/build/gradle/tasks/CompatibleScreensManifest$ConfigAction$$Lambda$168
instanceKlass com/android/build/gradle/internal/scope/BuildOutput
instanceKlass com/android/build/gradle/tasks/CompatibleScreensManifest$ConfigAction
instanceKlass com/android/build/gradle/internal/ApplicationTaskManager$$Lambda$167
instanceKlass kotlin/collections/EmptyList
instanceKlass com/android/build/gradle/tasks/BuildArtifactReportTask$Companion
instanceKlass com/android/build/gradle/tasks/BuildArtifactReportTask$BuildableArtifactData
instanceKlass com/android/build/gradle/tasks/BuildArtifactReportTask$ConfigAction
instanceKlass com/android/build/gradle/tasks/MainApkListPersistence$ConfigAction
instanceKlass org/gradle/api/internal/artifacts/publish/AbstractPublishArtifact
instanceKlass org/gradle/api/internal/artifacts/dsl/ArtifactFile
instanceKlass com/android/build/gradle/internal/scope/VariantScopeImpl$$Lambda$166
instanceKlass java/lang/invoke/LambdaForm$DMH
instanceKlass org/gradle/api/internal/artifacts/configurations/DefaultVariant
instanceKlass org/gradle/api/internal/artifacts/ConfigurationVariantInternal
instanceKlass com/android/build/gradle/internal/scope/VariantScopeImpl$$Lambda$165
instanceKlass org/gradle/api/artifacts/ConfigurationVariant
instanceKlass org/gradle/api/internal/artifacts/configurations/DefaultConfigurationPublications$ConfigurationVariantFactory
instanceKlass java/lang/invoke/LambdaForm$MH
instanceKlass com/android/build/gradle/internal/scope/VariantScopeImpl$$Lambda$164
instanceKlass com/android/build/gradle/internal/tasks/ApplicationId
instanceKlass com/android/build/gradle/internal/tasks/ApplicationIdWriterTask$ConfigAction
instanceKlass com/android/build/gradle/internal/scope/VariantScopeImpl$$Lambda$163
instanceKlass com/android/build/gradle/internal/scope/VariantScopeImpl$$Lambda$162
instanceKlass com/android/build/gradle/internal/scope/VariantScopeImpl$$Lambda$161
instanceKlass com/android/build/gradle/internal/scope/VariantScopeImpl$$Lambda$160
instanceKlass com/android/build/gradle/internal/scope/VariantScopeImpl$$Lambda$159
instanceKlass java/lang/invoke/LambdaForm$DMH
instanceKlass com/android/build/gradle/internal/pipeline/OriginalStream$Builder
instanceKlass com/android/build/api/transform/QualifiedContent
instanceKlass com/android/build/gradle/internal/pipeline/IncrementalTransformInput
instanceKlass com/android/build/api/transform/TransformInput
instanceKlass com/android/build/gradle/internal/tasks/CheckManifest$ConfigAction
instanceKlass com/android/build/gradle/internal/TaskManager$3
instanceKlass com/android/build/gradle/internal/TaskManager$$Lambda$158
instanceKlass com/android/build/gradle/internal/TaskManager$$Lambda$157
instanceKlass com/android/build/gradle/internal/TaskManager$$Lambda$156
instanceKlass com/android/build/gradle/internal/scope/VariantScopeImpl$$Lambda$155
instanceKlass com/android/build/gradle/internal/scope/VariantScopeImpl$$Lambda$154
instanceKlass java/lang/invoke/LambdaForm$DMH
instanceKlass com/android/build/gradle/internal/dependency/SubtractingArtifactCollection
instanceKlass com/android/build/gradle/internal/scope/VariantScopeImpl$$Lambda$153
instanceKlass com/android/build/gradle/internal/scope/VariantScopeImpl$TriFunction
instanceKlass com/android/build/gradle/internal/scope/VariantScopeImpl$$Lambda$152
instanceKlass com/android/build/gradle/internal/scope/VariantScopeImpl$$Lambda$151
instanceKlass com/android/build/gradle/internal/scope/VariantScopeImpl$1
instanceKlass com/android/build/gradle/internal/tasks/AppPreBuildTask$ConfigAction
instanceKlass com/android/build/gradle/internal/ApplicationTaskManager$2
instanceKlass com/android/build/gradle/internal/VariantManager$$Lambda$150
instanceKlass com/android/build/gradle/internal/TaskManager$$Lambda$149
instanceKlass com/android/build/gradle/internal/VariantManager$$Lambda$148
instanceKlass com/android/build/gradle/internal/TaskManager$$Lambda$147
instanceKlass com/android/build/gradle/internal/TaskManager$$Lambda$146
instanceKlass com/android/build/gradle/internal/TaskManager$$Lambda$145
instanceKlass com/android/build/gradle/internal/TaskManager$$Lambda$144
instanceKlass com/android/build/gradle/internal/TaskManager$$Lambda$143
instanceKlass com/android/build/gradle/internal/TaskManager$$Lambda$142
instanceKlass kotlin/annotation/MustBeDocumented
instanceKlass kotlin/annotation/Target
instanceKlass kotlin/annotation/Retention
instanceKlass kotlin/Metadata
instanceKlass com/android/build/gradle/internal/tasks/PlatformAttrExtractorTask$ConfigAction
instanceKlass org/gradle/api/internal/tasks/execution/SelfDescribingSpec
instanceKlass org/gradle/api/internal/tasks/DefaultTaskOutputs$3
instanceKlass com/android/builder/utils/FileCache$Inputs
instanceKlass com/android/build/gradle/internal/tasks/MockableAndroidJarTask$ConfigAction
instanceKlass com/android/build/gradle/internal/VariantManager$$Lambda$141
instanceKlass com/android/build/gradle/internal/VariantDimensionData$1
instanceKlass com/google/wireless/android/sdk/stats/TestRun$TestExecution$1
instanceKlass com/google/wireless/android/sdk/stats/GradleBuildVariant$DexMergerTool$1
instanceKlass com/google/wireless/android/sdk/stats/GradleBuildVariant$DexBuilderTool$1
instanceKlass com/android/build/gradle/internal/profile/AnalyticsUtil$1
instanceKlass com/google/wireless/android/sdk/stats/AnnotationProcessorInfoOrBuilder
instanceKlass com/google/wireless/android/sdk/stats/GradleBuildVariant$NativeBuildConfigInfoOrBuilder
instanceKlass com/google/wireless/android/sdk/stats/ApiVersionOrBuilder
instanceKlass com/android/build/api/attributes/VariantAttr$Impl
instanceKlass com/android/build/api/attributes/VariantAttr
instanceKlass com/android/build/api/attributes/BuildTypeAttr$Impl
instanceKlass com/android/build/api/attributes/BuildTypeAttr
instanceKlass com/android/build/gradle/internal/VariantManager$$Lambda$140
instanceKlass com/android/build/api/attributes/ProductFlavorAttr
instanceKlass com/android/build/gradle/internal/VariantManager$$Lambda$139
instanceKlass com/android/build/gradle/internal/dependency/AndroidTypeAttr$Impl
instanceKlass com/android/build/gradle/internal/VariantManager$1
instanceKlass com/android/build/gradle/internal/dependency/VariantDependencies$Builder
instanceKlass com/android/build/gradle/internal/dependency/VariantDependencies
instanceKlass com/android/build/gradle/internal/scope/OutputScope$$Lambda$138
instanceKlass java/lang/invoke/LambdaForm$DMH
instanceKlass com/android/build/gradle/internal/scope/OutputScope$$Lambda$137
instanceKlass java/util/ArrayList$ArrayListSpliterator
instanceKlass com/android/build/gradle/internal/variant/BaseVariantData$1
instanceKlass com/android/build/gradle/internal/core/VariantConfiguration$$Lambda$136
instanceKlass com/android/build/gradle/internal/core/VariantConfiguration$$Lambda$135
instanceKlass com/android/build/gradle/internal/variant/BaseVariantData$$Lambda$134
instanceKlass com/android/ide/common/build/ApkData
instanceKlass com/android/build/gradle/internal/scope/OutputFactory
instanceKlass com/android/build/gradle/internal/scope/OutputScope
instanceKlass kotlin/ranges/RangesKt__RangesKt
instanceKlass com/android/build/gradle/internal/scope/BuildArtifactHolder
instanceKlass com/android/build/gradle/internal/incremental/InstantRunBuildContext$Build
instanceKlass com/android/build/gradle/options/DeploymentDevice
instanceKlass com/android/build/gradle/internal/incremental/InstantRunBuildContext$$Lambda$133
instanceKlass java/lang/invoke/LambdaForm$BMH
instanceKlass com/android/build/gradle/internal/incremental/InstantRunBuildContext$BuildIdAllocator
instanceKlass java/lang/invoke/LambdaForm$DMH
instanceKlass com/android/build/gradle/internal/incremental/InstantRunBuildContext
instanceKlass com/android/build/gradle/internal/publishing/VariantPublishingSpec$OutputPublishingSpec
instanceKlass com/android/build/gradle/internal/publishing/VariantPublishingSpec
instanceKlass com/android/build/gradle/internal/pipeline/FilterableStreamCollection
instanceKlass com/android/build/gradle/internal/scope/VariantScope
instanceKlass com/android/build/gradle/internal/core/GradleVariantConfiguration$$Lambda$132
instanceKlass com/android/build/gradle/internal/core/GradleVariantConfiguration$$Lambda$131
instanceKlass com/android/build/gradle/internal/core/GradleVariantConfiguration$$Lambda$130
instanceKlass com/android/build/gradle/internal/core/GradleVariantConfiguration$$Lambda$129
instanceKlass com/android/build/gradle/internal/core/GradleVariantConfiguration$$Lambda$128
instanceKlass com/android/build/gradle/internal/core/GradleVariantConfiguration$$Lambda$127
instanceKlass com/android/build/gradle/internal/core/GradleVariantConfiguration$$Lambda$126
instanceKlass com/android/build/gradle/internal/core/GradleVariantConfiguration$$Lambda$125
instanceKlass com/android/build/gradle/internal/core/GradleVariantConfiguration$$Lambda$124
instanceKlass com/android/build/gradle/internal/core/GradleVariantConfiguration$$Lambda$123
instanceKlass com/android/build/gradle/internal/core/GradleVariantConfiguration$$Lambda$122
instanceKlass com/android/build/gradle/internal/core/GradleVariantConfiguration$$Lambda$121
instanceKlass com/android/build/gradle/internal/core/MergedJavaCompileOptions
instanceKlass com/android/build/gradle/internal/core/MergedExternalNativeCmakeOptions
instanceKlass com/android/build/gradle/internal/core/MergedExternalNativeNdkBuildOptions
instanceKlass com/android/build/gradle/internal/core/MergedExternalNativeBuildOptions
instanceKlass com/android/build/gradle/internal/core/MergedNdkConfig
instanceKlass com/android/utils/XmlUtils
instanceKlass com/android/build/gradle/internal/VariantManager$$Lambda$120
instanceKlass java/lang/invoke/LambdaForm$DMH
instanceKlass com/android/builder/core/DefaultManifestParser
instanceKlass com/android/build/gradle/internal/core/GradleVariantConfiguration$VariantConfigurationBuilder
instanceKlass com/android/build/gradle/TestAndroidConfig
instanceKlass com/android/build/gradle/internal/core/GradleVariantConfiguration$Builder
instanceKlass com/android/builder/core/ManifestAttributeSupplier
instanceKlass com/android/build/gradle/internal/core/VariantConfiguration
instanceKlass com/android/build/gradle/internal/VariantManager$$Lambda$119
instanceKlass java/util/stream/Collectors$$Lambda$118
instanceKlass java/util/stream/Collectors$$Lambda$117
instanceKlass java/util/stream/Collectors$$Lambda$116
instanceKlass com/android/build/gradle/internal/VariantManager$$Lambda$115
instanceKlass com/android/build/gradle/internal/VariantManager$$Lambda$114
instanceKlass java/lang/invoke/LambdaForm$DMH
instanceKlass com/android/build/gradle/internal/VariantManager$$Lambda$113
instanceKlass com/android/build/gradle/internal/dependency/AndroidTypeAttrDisambRule
instanceKlass com/android/build/gradle/internal/dependency/AndroidTypeAttrCompatRule
instanceKlass org/apache/commons/lang/WordUtils
instanceKlass com/android/build/gradle/internal/dependency/AndroidTypeAttr
instanceKlass com/android/build/gradle/internal/VariantManager$$Lambda$112
instanceKlass com/android/build/gradle/internal/VariantManager$$Lambda$111
instanceKlass com/android/build/gradle/internal/VariantManager$$Lambda$110
instanceKlass java/lang/invoke/LambdaForm$MH
instanceKlass java/lang/invoke/LambdaForm$DMH
instanceKlass java/lang/invoke/LambdaForm$DMH
instanceKlass com/android/build/gradle/internal/VariantManager$$Lambda$109
instanceKlass java/lang/invoke/LambdaForm$DMH
instanceKlass org/gradle/api/internal/artifacts/transform/ArtifactTransformBackedTransformer
instanceKlass org/gradle/api/internal/changedetection/state/ArrayValueSnapshot
instanceKlass org/gradle/api/internal/artifacts/transform/DefaultVariantTransformRegistration
instanceKlass org/gradle/api/internal/artifacts/VariantTransformRegistry$Registration
instanceKlass org/gradle/api/artifacts/transform/ArtifactTransform
instanceKlass org/gradle/api/internal/artifacts/transform/DefaultVariantTransformRegistry$RecordingRegistration
instanceKlass com/android/build/gradle/internal/VariantManager$$Lambda$108
instanceKlass com/android/build/gradle/internal/VariantManager$$Lambda$107
instanceKlass java/lang/invoke/LambdaForm$DMH
instanceKlass com/android/build/gradle/BasePlugin$$Lambda$106
instanceKlass org/gradle/api/internal/artifacts/repositories/DefaultMavenArtifactRepository$DefaultDescriber
instanceKlass com/android/build/gradle/internal/SdkHandler$$Lambda$105
instanceKlass org/gradle/api/internal/plugins/PluginManagerInternal$PluginWithId
instanceKlass com/google/protobuf/Internal$ProtobufList
instanceKlass com/google/wireless/android/sdk/stats/GradleBuildSplits$2
instanceKlass com/google/wireless/android/sdk/stats/GradleBuildSplits$1
instanceKlass com/google/protobuf/Internal$ListAdapter$Converter
instanceKlass org/gradle/api/internal/artifacts/configurations/DefaultConfiguration$ConfigurationArtifactCollection
instanceKlass org/gradle/api/internal/artifacts/configurations/DefaultConfiguration$ConfigurationResolvableDependencies$ConfigurationArtifactView
instanceKlass com/android/build/gradle/internal/publishing/AndroidArtifacts
instanceKlass com/android/build/gradle/internal/scope/GlobalScope$$Lambda$104
instanceKlass com/android/build/gradle/internal/scope/GlobalScope$$Lambda$103
instanceKlass com/android/build/gradle/internal/tasks/PrepareLintJar$ConfigAction
instanceKlass com/android/builder/core/DexByteCodeConverter
instanceKlass com/android/builder/sdk/TargetInfo
instanceKlass com/google/common/collect/AbstractMapBasedMultimap$WrappedCollection$WrappedIterator
instanceKlass com/google/common/collect/HashBiMap$Itr
instanceKlass com/android/sdklib/repository/targets/SystemImageManager
instanceKlass com/android/sdklib/repository/targets/AddonTarget
instanceKlass com/android/sdklib/repository/targets/OptionalLibraryImpl
instanceKlass com/google/gson/internal/ConstructorConstructor$8
instanceKlass com/google/common/collect/FluentIterable
instanceKlass com/google/common/io/ByteSource
instanceKlass com/google/common/io/ByteSink
instanceKlass com/google/common/collect/TreeTraverser
instanceKlass com/google/common/io/Files
instanceKlass com/android/sdklib/repository/targets/PlatformTarget$Library
instanceKlass com/android/sdklib/AndroidTargetHash
instanceKlass com/android/sdklib/repository/PackageParserUtils
instanceKlass java/util/stream/ReduceOps$2ReducingSink
instanceKlass java/util/function/BinaryOperator$$Lambda$102
instanceKlass com/android/sdklib/repository/AndroidSdkHandler$$Lambda$101
instanceKlass java/lang/invoke/LambdaForm$DMH
instanceKlass com/android/sdklib/repository/AndroidSdkHandler$$Lambda$100
instanceKlass java/util/TreeMap$TreeMapSpliterator
instanceKlass com/android/sdklib/repository/AndroidSdkHandler$$Lambda$99
instanceKlass com/android/sdklib/repository/AndroidSdkHandler$$Lambda$98
instanceKlass com/android/io/IAbstractFolder
instanceKlass com/android/io/IAbstractResource
instanceKlass com/android/sdklib/internal/project/ProjectProperties
instanceKlass com/android/sdklib/internal/project/IPropertySource
instanceKlass com/android/sdklib/repository/targets/PlatformTarget
instanceKlass com/android/sdklib/repository/targets/AndroidTargetManager$$Lambda$97
instanceKlass java/util/Comparator$$Lambda$96
instanceKlass java/lang/invoke/LambdaForm$DMH
instanceKlass com/android/sdklib/repository/targets/AndroidTargetManager$$Lambda$95
instanceKlass java/util/Comparator$$Lambda$94
instanceKlass java/lang/invoke/LambdaForm$DMH
instanceKlass com/android/sdklib/repository/targets/AndroidTargetManager$$Lambda$93
instanceKlass com/android/sdklib/AndroidVersion
instanceKlass com/android/sdklib/IAndroidTarget
instanceKlass com/android/sdklib/repository/targets/AndroidTargetManager
instanceKlass com/android/utils/StdLogger
instanceKlass com/android/SdkConstants
instanceKlass com/android/builder/sdk/SdkInfo
instanceKlass com/android/sdklib/repository/AndroidSdkHandler$$Lambda$92
instanceKlass com/android/repository/api/RepoManager$RepoLoadedCallback
instanceKlass java/util/concurrent/ConcurrentLinkedQueue$Itr
instanceKlass com/google/common/collect/ComparisonChain
instanceKlass com/google/common/collect/Iterables
instanceKlass java/util/function/Function$$Lambda$91
instanceKlass com/android/repository/impl/meta/RepositoryPackages$$Lambda$90
instanceKlass java/util/HashMap$HashMapSpliterator
instanceKlass com/google/common/hash/Hashing$Md5Holder
instanceKlass com/sun/xml/bind/v2/runtime/unmarshaller/DefaultIDResolver$1
instanceKlass com/sun/xml/bind/DatatypeConverterImpl
instanceKlass javax/xml/bind/DatatypeConverterInterface
instanceKlass com/sun/org/apache/xerces/internal/impl/xpath/regex/RegularExpression$ClosureContext
instanceKlass com/sun/org/apache/xerces/internal/impl/xpath/regex/RegularExpression$ExpressionTarget
instanceKlass com/sun/org/apache/xerces/internal/impl/xpath/regex/RegularExpression$Context
instanceKlass com/sun/org/apache/xerces/internal/impl/xpath/regex/Op
instanceKlass com/sun/org/apache/xerces/internal/impl/xs/AttributePSVImpl
instanceKlass com/sun/org/apache/xerces/internal/xs/AttributePSVI
instanceKlass org/xml/sax/helpers/AttributesImpl
instanceKlass com/sun/org/apache/xerces/internal/impl/Constants$ArrayEnumeration
instanceKlass com/sun/org/apache/xerces/internal/impl/Constants
instanceKlass com/sun/org/apache/xerces/internal/impl/xs/XSDeclarationPool
instanceKlass com/sun/org/apache/xerces/internal/parsers/AbstractSAXParser$LocatorProxy
instanceKlass org/xml/sax/ext/Locator2
instanceKlass com/sun/org/apache/xerces/internal/util/EntityResolverWrapper
instanceKlass com/sun/xml/bind/v2/runtime/unmarshaller/TagName
instanceKlass com/sun/xml/bind/v2/runtime/unmarshaller/SAXConnector
instanceKlass com/sun/xml/bind/v2/util/FatalAdapter
instanceKlass com/sun/org/apache/xerces/internal/jaxp/validation/ValidatorHandlerImpl$ResolutionForwarder
instanceKlass org/xml/sax/ext/EntityResolver2
instanceKlass javax/xml/validation/TypeInfoProvider
instanceKlass com/sun/org/apache/xerces/internal/util/AttributesProxy
instanceKlass com/sun/org/apache/xerces/internal/util/SAXLocatorWrapper
instanceKlass com/sun/org/apache/xerces/internal/impl/xs/XMLSchemaValidator$LocalIDKey
instanceKlass com/sun/org/apache/xerces/internal/impl/xs/XMLSchemaValidator$ValueStoreCache
instanceKlass com/sun/org/apache/xerces/internal/util/IntStack
instanceKlass com/sun/org/apache/xerces/internal/impl/xs/identity/XPathMatcher
instanceKlass com/sun/org/apache/xerces/internal/impl/xs/XMLSchemaValidator$XPathMatcherStack
instanceKlass com/sun/org/apache/xerces/internal/impl/xs/XSNotationDecl
instanceKlass com/sun/org/apache/xerces/internal/xs/XSNotationDeclaration
instanceKlass com/sun/org/apache/xerces/internal/impl/xs/XMLSchemaValidator$XSIErrorReporter
instanceKlass com/sun/org/apache/xerces/internal/impl/xs/ElementPSVImpl
instanceKlass com/sun/org/apache/xerces/internal/xs/ElementPSVI
instanceKlass com/sun/org/apache/xerces/internal/xs/ItemPSVI
instanceKlass com/sun/org/apache/xerces/internal/impl/xs/XMLSchemaValidator
instanceKlass com/sun/org/apache/xerces/internal/impl/xs/identity/FieldActivator
instanceKlass javax/xml/validation/ValidatorHandler
instanceKlass com/sun/org/apache/xerces/internal/jaxp/validation/ValidatorHelper
instanceKlass com/sun/org/apache/xerces/internal/impl/validation/EntityState
instanceKlass com/sun/xml/bind/v2/runtime/unmarshaller/ValidatingUnmarshaller
instanceKlass com/sun/org/apache/xerces/internal/parsers/AbstractSAXParser$AttributesProxy
instanceKlass org/xml/sax/ext/Attributes2
instanceKlass org/xml/sax/AttributeList
instanceKlass com/sun/org/apache/xerces/internal/impl/dtd/DTDGrammarBucket
instanceKlass com/sun/org/apache/xerces/internal/impl/dtd/XMLAttributeDecl
instanceKlass com/sun/org/apache/xerces/internal/impl/dtd/XMLSimpleType
instanceKlass com/sun/org/apache/xerces/internal/impl/dtd/XMLElementDecl
instanceKlass com/sun/org/apache/xerces/internal/impl/dtd/XMLDTDValidator
instanceKlass com/sun/org/apache/xerces/internal/impl/dtd/XMLDTDValidatorFilter
instanceKlass com/sun/org/apache/xerces/internal/impl/dtd/XMLEntityDecl
instanceKlass com/sun/org/apache/xerces/internal/impl/dtd/XMLDTDProcessor
instanceKlass com/sun/org/apache/xerces/internal/xni/parser/XMLDTDContentModelFilter
instanceKlass com/sun/org/apache/xerces/internal/xni/parser/XMLDTDFilter
instanceKlass com/sun/org/apache/xerces/internal/parsers/XML11Configurable
instanceKlass com/sun/org/apache/xerces/internal/parsers/XMLParser
instanceKlass org/xml/sax/Parser
instanceKlass javax/xml/parsers/SAXParser
instanceKlass com/sun/org/apache/xerces/internal/xs/PSVIProvider
instanceKlass com/sun/org/apache/xerces/internal/jaxp/JAXPConstants
instanceKlass javax/xml/parsers/SecuritySupport$1
